01:59:27 [INFO] PyTorch 随机种子已设置: 42 (CPU)
01:59:27 [INFO] =======================================================
01:59:27 [INFO]   RAG 检索策略对比实验 — 开始运行
01:59:27 [INFO]   时间: 2026-07-10 01:59:27
01:59:27 [INFO]   模式: 完整 RAG
01:59:27 [INFO]   随机种子: 42
01:59:27 [INFO] =======================================================
01:59:27 [INFO] =======================================================
01:59:27 [INFO] 阶段 1/5: 加载实验数据
01:59:27 [INFO]   语料库: 30 篇文档
01:59:27 [INFO]   测试集: 100 条 QA 对
01:59:27 [INFO] CUDA 不可用，Embedding 将使用 CPU
01:59:28 [INFO] Note: NumExpr detected 16 cores but "NUMEXPR_MAX_THREADS" not set, so enforcing safe limit of 8.
01:59:28 [INFO] NumExpr defaulting to 8 threads.
01:59:31 [INFO] PyTorch version 2.5.1 available.
01:59:33 [INFO] =======================================================
01:59:33 [INFO] 阶段 2/5: 文本切分 & FAISS 索引构建
01:59:33 [INFO] TextSplitter 初始化完成: chunk_size=512, chunk_overlap=50, separators=['\n\n', '\n', '。', '！']...
01:59:33 [INFO] 开始文本切分: 30 篇文档, 共 6765 字符
01:59:33 [INFO] 文本切分完成: 30 篇文档 → 30 个文本块, 平均块长度: 226 字符, 涉及 30 个原始文档
01:59:33 [INFO]   切分完成: 30 篇 → 30 个块
01:59:33 [INFO]   加载 BGE Embedding 模型...
01:59:33 [INFO] 正在加载 Embedding 模型: BAAI/bge-small-zh-v1.5
01:59:34 [INFO] Loading SentenceTransformer model from BAAI/bge-small-zh-v1.5.
01:59:40 [INFO] Embedding 模型加载完成: BAAI/bge-small-zh-v1.5
  设备: cpu
  归一化: True
  批次大小: 32
01:59:40 [INFO]   构建 FAISS 索引...
01:59:40 [INFO] FAISSVectorStore 初始化完成（索引尚未构建）
01:59:40 [INFO] 开始构建 FAISS 索引: 30 个文档块
01:59:41 [INFO] Loading faiss with AVX2 support.
01:59:41 [INFO] Could not load library with AVX2 support due to:
ModuleNotFoundError("No module named 'faiss.swigfaiss_avx2'")
01:59:41 [INFO] Loading faiss.
01:59:41 [INFO] Successfully loaded faiss.
01:59:41 [INFO] FAISS 索引构建完成:
  向量数量: 30
  向量维度: 512
  索引类型: IndexFlatIP (内积搜索)
  搜索方式: 暴力搜索 (精确, O(N) 时间复杂度)
01:59:41 [INFO]   FAISS 索引: 30 个向量
01:59:41 [INFO] =======================================================
01:59:41 [INFO] 阶段 3/5: 初始化三种 Retriever
01:59:41 [INFO] BM25 分词中: 30 篇文档...
01:59:41 [DEBUG] Building prefix dict from the default dictionary ...
01:59:41 [DEBUG] Loading model from cache C:\Users\34490\AppData\Local\Temp\jieba.cache
01:59:42 [DEBUG] Loading model cost 0.506 seconds.
01:59:42 [DEBUG] Prefix dict has been built successfully.
01:59:42 [INFO] BM25Retriever 初始化完成: n_docs=30, avg_doc_len=120.2 tokens, top_k=5
01:59:42 [INFO]   [1/3] Retriever[bm25]
01:59:42 [INFO] DenseRetriever 初始化完成: n_vectors=30, top_k=5
01:59:42 [INFO]   [2/3] Retriever[dense_bge]
01:59:42 [INFO] HybridRetriever 初始化完成:
  BM25: Retriever[bm25]
  Dense: Retriever[dense_bge]
  Fusion: rrf
  top_k=5, candidate_multiplier=4
01:59:42 [INFO]   [3/3] Retriever[hybrid_rrf]
01:59:42 [WARNING] CUDA 不可用，自动切换为仅检索模式。如需生成指标 (EM/F1)，请在 GPU 环境下运行。
01:59:42 [INFO] =======================================================
01:59:42 [INFO] 阶段 5/5: 运行三组对比实验
01:59:42 [INFO]   每组 100 个问题
01:59:42 [INFO] 
──────────────────────────────────────────────────
01:59:42 [INFO]   运行实验组: bm25
01:59:42 [INFO] ──────────────────────────────────────────────────
01:59:42 [INFO]     [ 20/100] Recall@5=1.0000  MRR=0.9750
01:59:42 [INFO]     [ 40/100] Recall@5=1.0000  MRR=1.0000
01:59:42 [INFO]     [ 60/100] Recall@5=1.0000  MRR=0.9417
01:59:42 [INFO]     [ 80/100] Recall@5=1.0000  MRR=1.0000
01:59:42 [INFO]     [100/100] Recall@5=0.7667  MRR=0.7975
01:59:42 [INFO] 
──────────────────────────────────────────────────
01:59:42 [INFO]   运行实验组: dense_bge
01:59:42 [INFO] ──────────────────────────────────────────────────
01:59:42 [INFO]     [ 20/100] Recall@5=1.0000  MRR=1.0000
01:59:42 [INFO]     [ 40/100] Recall@5=1.0000  MRR=0.9667
01:59:42 [INFO]     [ 60/100] Recall@5=1.0000  MRR=0.9750
01:59:43 [INFO]     [ 80/100] Recall@5=1.0000  MRR=1.0000
01:59:43 [INFO]     [100/100] Recall@5=0.8250  MRR=0.8500
01:59:43 [INFO] 
──────────────────────────────────────────────────
01:59:43 [INFO]   运行实验组: hybrid_rrf
01:59:43 [INFO] ──────────────────────────────────────────────────
01:59:43 [INFO] [Hybrid RRF] 融合完成: BM25=20, Dense=20, 并集=26
01:59:43 [INFO] [Hybrid RRF] 融合完成: BM25=20, Dense=20, 并集=24
01:59:43 [INFO] [Hybrid RRF] 融合完成: BM25=20, Dense=20, 并集=26
01:59:43 [INFO] [Hybrid RRF] 融合完成: BM25=20, Dense=20, 并集=26
01:59:43 [INFO] [Hybrid RRF] 融合完成: BM25=20, Dense=20, 并集=27
01:59:43 [INFO] [Hybrid RRF] 融合完成: BM25=20, Dense=20, 并集=26
01:59:43 [INFO] [Hybrid RRF] 融合完成: BM25=20, Dense=20, 并集=23
01:59:43 [INFO] [Hybrid RRF] 融合完成: BM25=20, Dense=20, 并集=26
01:59:43 [INFO] [Hybrid RRF] 融合完成: BM25=20, Dense=20, 并集=26
01:59:43 [INFO] [Hybrid RRF] 融合完成: BM25=20, Dense=20, 并集=25
01:59:43 [INFO] [Hybrid RRF] 融合完成: BM25=20, Dense=20, 并集=24
01:59:43 [INFO] [Hybrid RRF] 融合完成: BM25=20, Dense=20, 并集=26
01:59:43 [INFO] [Hybrid RRF] 融合完成: BM25=20, Dense=20, 并集=24
01:59:43 [INFO] [Hybrid RRF] 融合完成: BM25=20, Dense=20, 并集=22
01:59:43 [INFO] [Hybrid RRF] 融合完成: BM25=20, Dense=20, 并集=28
01:59:43 [INFO] [Hybrid RRF] 融合完成: BM25=20, Dense=20, 并集=28
01:59:43 [INFO] [Hybrid RRF] 融合完成: BM25=20, Dense=20, 并集=24
01:59:43 [INFO] [Hybrid RRF] 融合完成: BM25=20, Dense=20, 并集=26
01:59:43 [INFO] [Hybrid RRF] 融合完成: BM25=20, Dense=20, 并集=24
01:59:43 [INFO] [Hybrid RRF] 融合完成: BM25=20, Dense=20, 并集=26
01:59:43 [INFO]     [ 20/100] Recall@5=1.0000  MRR=1.0000
01:59:43 [INFO] [Hybrid RRF] 融合完成: BM25=20, Dense=20, 并集=25
01:59:43 [INFO] [Hybrid RRF] 融合完成: BM25=20, Dense=20, 并集=27
01:59:43 [INFO] [Hybrid RRF] 融合完成: BM25=20, Dense=20, 并集=26
01:59:43 [INFO] [Hybrid RRF] 融合完成: BM25=20, Dense=20, 并集=26
01:59:43 [INFO] [Hybrid RRF] 融合完成: BM25=20, Dense=20, 并集=24
01:59:43 [INFO] [Hybrid RRF] 融合完成: BM25=20, Dense=20, 并集=28
01:59:43 [INFO] [Hybrid RRF] 融合完成: BM25=20, Dense=20, 并集=24
01:59:43 [INFO] [Hybrid RRF] 融合完成: BM25=20, Dense=20, 并集=27
01:59:43 [INFO] [Hybrid RRF] 融合完成: BM25=20, Dense=20, 并集=25
01:59:43 [INFO] [Hybrid RRF] 融合完成: BM25=20, Dense=20, 并集=25
01:59:43 [INFO] [Hybrid RRF] 融合完成: BM25=20, Dense=20, 并集=26
01:59:43 [INFO] [Hybrid RRF] 融合完成: BM25=20, Dense=20, 并集=24
01:59:43 [INFO] [Hybrid RRF] 融合完成: BM25=20, Dense=20, 并集=23
01:59:43 [INFO] [Hybrid RRF] 融合完成: BM25=20, Dense=20, 并集=24
01:59:43 [INFO] [Hybrid RRF] 融合完成: BM25=20, Dense=20, 并集=23
01:59:43 [INFO] [Hybrid RRF] 融合完成: BM25=20, Dense=20, 并集=22
01:59:43 [INFO] [Hybrid RRF] 融合完成: BM25=20, Dense=20, 并集=26
01:59:43 [INFO] [Hybrid RRF] 融合完成: BM25=20, Dense=20, 并集=25
01:59:43 [INFO] [Hybrid RRF] 融合完成: BM25=20, Dense=20, 并集=26
01:59:43 [INFO] [Hybrid RRF] 融合完成: BM25=20, Dense=20, 并集=25
01:59:43 [INFO]     [ 40/100] Recall@5=1.0000  MRR=1.0000
01:59:43 [INFO] [Hybrid RRF] 融合完成: BM25=20, Dense=20, 并集=28
01:59:43 [INFO] [Hybrid RRF] 融合完成: BM25=20, Dense=20, 并集=26
01:59:43 [INFO] [Hybrid RRF] 融合完成: BM25=20, Dense=20, 并集=26
01:59:43 [INFO] [Hybrid RRF] 融合完成: BM25=20, Dense=20, 并集=26
01:59:43 [INFO] [Hybrid RRF] 融合完成: BM25=20, Dense=20, 并集=25
01:59:43 [INFO] [Hybrid RRF] 融合完成: BM25=20, Dense=20, 并集=24
01:59:43 [INFO] [Hybrid RRF] 融合完成: BM25=20, Dense=20, 并集=28
01:59:43 [INFO] [Hybrid RRF] 融合完成: BM25=20, Dense=20, 并集=26
01:59:43 [INFO] [Hybrid RRF] 融合完成: BM25=20, Dense=20, 并集=27
01:59:43 [INFO] [Hybrid RRF] 融合完成: BM25=20, Dense=20, 并集=27
01:59:43 [INFO] [Hybrid RRF] 融合完成: BM25=20, Dense=20, 并集=26
01:59:43 [INFO] [Hybrid RRF] 融合完成: BM25=20, Dense=20, 并集=26
01:59:43 [INFO] [Hybrid RRF] 融合完成: BM25=20, Dense=20, 并集=26
01:59:43 [INFO] [Hybrid RRF] 融合完成: BM25=20, Dense=20, 并集=22
01:59:43 [INFO] [Hybrid RRF] 融合完成: BM25=20, Dense=20, 并集=25
01:59:43 [INFO] [Hybrid RRF] 融合完成: BM25=20, Dense=20, 并集=27
01:59:43 [INFO] [Hybrid RRF] 融合完成: BM25=20, Dense=20, 并集=26
01:59:43 [INFO] [Hybrid RRF] 融合完成: BM25=20, Dense=20, 并集=26
01:59:43 [INFO] [Hybrid RRF] 融合完成: BM25=20, Dense=20, 并集=28
01:59:43 [INFO] [Hybrid RRF] 融合完成: BM25=20, Dense=20, 并集=26
01:59:43 [INFO]     [ 60/100] Recall@5=1.0000  MRR=1.0000
01:59:43 [INFO] [Hybrid RRF] 融合完成: BM25=20, Dense=20, 并集=28
01:59:43 [INFO] [Hybrid RRF] 融合完成: BM25=20, Dense=20, 并集=23
01:59:43 [INFO] [Hybrid RRF] 融合完成: BM25=20, Dense=20, 并集=25
01:59:43 [INFO] [Hybrid RRF] 融合完成: BM25=20, Dense=20, 并集=26
01:59:43 [INFO] [Hybrid RRF] 融合完成: BM25=20, Dense=20, 并集=28
01:59:43 [INFO] [Hybrid RRF] 融合完成: BM25=20, Dense=20, 并集=25
01:59:43 [INFO] [Hybrid RRF] 融合完成: BM25=20, Dense=20, 并集=26
01:59:43 [INFO] [Hybrid RRF] 融合完成: BM25=20, Dense=20, 并集=23
01:59:43 [INFO] [Hybrid RRF] 融合完成: BM25=20, Dense=20, 并集=24
01:59:43 [INFO] [Hybrid RRF] 融合完成: BM25=20, Dense=20, 并集=24
01:59:43 [INFO] [Hybrid RRF] 融合完成: BM25=20, Dense=20, 并集=26
01:59:44 [INFO] [Hybrid RRF] 融合完成: BM25=20, Dense=20, 并集=27
01:59:44 [INFO] [Hybrid RRF] 融合完成: BM25=20, Dense=20, 并集=27
01:59:44 [INFO] [Hybrid RRF] 融合完成: BM25=20, Dense=20, 并集=26
01:59:44 [INFO] [Hybrid RRF] 融合完成: BM25=20, Dense=20, 并集=25
01:59:44 [INFO] [Hybrid RRF] 融合完成: BM25=20, Dense=20, 并集=24
01:59:44 [INFO] [Hybrid RRF] 融合完成: BM25=20, Dense=20, 并集=24
01:59:44 [INFO] [Hybrid RRF] 融合完成: BM25=20, Dense=20, 并集=25
01:59:44 [INFO] [Hybrid RRF] 融合完成: BM25=20, Dense=20, 并集=26
01:59:44 [INFO] [Hybrid RRF] 融合完成: BM25=20, Dense=20, 并集=26
01:59:44 [INFO]     [ 80/100] Recall@5=1.0000  MRR=1.0000
01:59:44 [INFO] [Hybrid RRF] 融合完成: BM25=20, Dense=20, 并集=27
01:59:44 [INFO] [Hybrid RRF] 融合完成: BM25=20, Dense=20, 并集=26
01:59:44 [INFO] [Hybrid RRF] 融合完成: BM25=20, Dense=20, 并集=26
01:59:44 [INFO] [Hybrid RRF] 融合完成: BM25=20, Dense=20, 并集=26
01:59:44 [INFO] [Hybrid RRF] 融合完成: BM25=20, Dense=20, 并集=25
01:59:44 [INFO] [Hybrid RRF] 融合完成: BM25=20, Dense=20, 并集=25
01:59:44 [INFO] [Hybrid RRF] 融合完成: BM25=20, Dense=20, 并集=25
01:59:44 [INFO] [Hybrid RRF] 融合完成: BM25=20, Dense=20, 并集=25
01:59:44 [INFO] [Hybrid RRF] 融合完成: BM25=20, Dense=20, 并集=26
01:59:44 [INFO] [Hybrid RRF] 融合完成: BM25=20, Dense=20, 并集=26
01:59:44 [INFO] [Hybrid RRF] 融合完成: BM25=20, Dense=20, 并集=25
01:59:44 [INFO] [Hybrid RRF] 融合完成: BM25=20, Dense=20, 并集=26
01:59:44 [INFO] [Hybrid RRF] 融合完成: BM25=20, Dense=20, 并集=22
01:59:44 [INFO] [Hybrid RRF] 融合完成: BM25=20, Dense=20, 并集=25
01:59:44 [INFO] [Hybrid RRF] 融合完成: BM25=20, Dense=20, 并集=24
01:59:44 [INFO] [Hybrid RRF] 融合完成: BM25=20, Dense=20, 并集=27
01:59:44 [INFO] [Hybrid RRF] 融合完成: BM25=20, Dense=20, 并集=22
01:59:44 [INFO] [Hybrid RRF] 融合完成: BM25=20, Dense=20, 并集=23
01:59:44 [INFO] [Hybrid RRF] 融合完成: BM25=20, Dense=20, 并集=24
01:59:44 [INFO] [Hybrid RRF] 融合完成: BM25=20, Dense=20, 并集=23
01:59:44 [INFO]     [100/100] Recall@5=0.8000  MRR=0.8142
01:59:44 [INFO] 
=======================================================
01:59:44 [INFO] 导出实验结果
01:59:44 [INFO]   [OK] experiment_result.csv (300 行)
01:59:44 [INFO]   [OK] summary.csv (3 行)
01:59:44 [INFO] 
实验完成! 总耗时: 16.8 秒 (0.3 分钟)
01:59:44 [INFO] 结果目录: D:\课件\大三下\自然语言处理\rag\results
